
======================================================================
AUTONOMOUS MULTI-AIRCRAFT TURNAROUND SIMULATION
======================================================================
Each aircraft has its own telemetry window.
Terminal shows overall status updates only.
======================================================================
STATUS | Dash8_400-438 spawned on STAR07
ATC | Dash8_400-438 cleared to land
ATC | Runway BUSY , Dash8_400-438 landing
[t= 35.2s] ATC: Cleared to land
STATUS | Dash8_400-197 spawned on STAR16
STATUS | New arrival: Dash8_400-197 on STAR16
[t= 52.6s] Trajectory saved to trajectory_Dash8_400-438.json
STATUS | Dash8_400-438 vacating runway (clears in 3.8s)
[t= 52.6s] Landing rollout complete; vacating runway (3.8s)
ATC | Runway FREE , timer elapsed
[t= 56.5s] Runway now FREE (timer elapsed)
STATUS | Dash8_400-438 taxiing to Gate 9 (ETA 45.1s, arrival t=101.7s)
[t= 56.6s] Gate 9 assigned. Taxi to gate 45.1s (ETA t=101.7)
STATUS | ATR72_600-161 spawned on STAR02
STATUS | New arrival: ATR72_600-161 on STAR02
ATC | Dash8_400-197 cleared to land
ATC | Runway BUSY , Dash8_400-197 landing
[t= 87.5s] ATC: Cleared to land
GATE | Dash8_400-438 parked at Gate 9
[t=101.8s] Parked at Gate 9. Service time 23s (until t=124.8)
[t=104.7s] Trajectory saved to trajectory_Dash8_400-197.json
STATUS | Dash8_400-197 vacating runway (clears in 3.6s)
[t=104.7s] Landing rollout complete; vacating runway (3.6s)
ATC | Runway FREE , timer elapsed
[t=108.3s] Runway now FREE (timer elapsed)
STATUS | Dash8_400-197 taxiing to Gate 10 (ETA 38.7s, arrival t=147.1s)
[t=108.4s] Gate 10 assigned. Taxi to gate 38.7s (ETA t=147.1)
STATUS | EmbraerE170-247 spawned on STAR01
STATUS | New arrival: EmbraerE170-247 on STAR01
STATUS | Dash8_400-438 taxiing to runway from Gate 9 (ETA 10.0s, arrival t=134.9s)
[t=124.9s] Service complete. Taxiing to runway (ETA 10.0s, spawn at threshold t=134.9)
[t=125.0s] Taxiing… 9.9s remaining
ATC | ATR72_600-161 cleared to land
ATC | Runway BUSY , ATR72_600-161 landing
[t=128.0s] ATC: Cleared to land
STATUS | Dash8_400-438 holding short of runway
[t=135.0s] Arrived at runway threshold, awaiting takeoff clearance
STATUS | Dash8_400-438 holding - runway busy
[t=135.1s] Runway occupied , holding short
[t=143.3s] Trajectory saved to trajectory_ATR72_600-161.json
STATUS | ATR72_600-161 vacating runway (clears in 3.7s)
[t=143.3s] Landing rollout complete; vacating runway (3.7s)
ATC | Runway FREE , timer elapsed
[t=147.1s] Runway now FREE (timer elapsed)

============================================================
Starting ground roll for Dash8_400 (Dash8_400-438)
Target rotation speed: 70.0 m/s
============================================================
Takeoff complete: V=70.0 m/s, distance=822.1 m, time=23.2 s
ATC | Dash8_400-438 cleared for takeoff
ATC | Runway BUSY , Dash8_400-438 departing
[t=147.1s] Cleared for takeoff. Blocking runway for 30.2s (release t=177.3)
GATE | Dash8_400-197 parked at Gate 10
[t=147.2s] Parked at Gate 10. Service time 21s (until t=168.2)
STATUS | ATR72_600-161 taxiing to Gate 7 (ETA 41.5s, arrival t=188.7s)
[t=147.2s] Gate 7 assigned. Taxi to gate 41.5s (ETA t=188.7)
STATUS | Dash8_400-197 taxiing to runway from Gate 10 (ETA 10.0s, arrival t=178.3s)
[t=168.3s] Service complete. Taxiing to runway (ETA 10.0s, spawn at threshold t=178.3)
[t=168.4s] Taxiing… 9.9s remaining
ATC | EmbraerE170-247 cleared to land
ATC | Runway BUSY , EmbraerE170-247 landing
[t=170.9s] ATC: Cleared to land
STATUS | Dash8_400-197 holding short of runway
[t=178.4s] Arrived at runway threshold, awaiting takeoff clearance
STATUS | Dash8_400-197 holding - runway busy
[t=178.5s] Runway occupied , holding short
GATE | ATR72_600-161 parked at Gate 7
[t=188.8s] Parked at Gate 7. Service time 28s (until t=216.8)
[t=189.5s] Trajectory saved to trajectory_EmbraerE170-247.json
STATUS | EmbraerE170-247 vacating runway (clears in 3.7s)
[t=189.5s] Landing rollout complete; vacating runway (3.7s)

Rotation! V=69.3 m/s at x=805m, transitioning to CLIMB
 Targeting waypoint 1 for smoothest climb (turn angle: 0.0°)
ATC | Runway FREE , timer elapsed
[t=193.3s] Runway now FREE (timer elapsed)

============================================================
Starting ground roll for Dash8_400 (Dash8_400-197)
Target rotation speed: 70.0 m/s
============================================================
Takeoff complete: V=70.0 m/s, distance=822.1 m, time=23.2 s
ATC | Dash8_400-197 cleared for takeoff
ATC | Runway BUSY , Dash8_400-197 departing
[t=193.3s] Cleared for takeoff. Blocking runway for 30.2s (release t=223.5)
STATUS | EmbraerE170-247 taxiing to Gate 11 (ETA 37.8s, arrival t=231.2s)
[t=193.4s] Gate 11 assigned. Taxi to gate 37.8s (ETA t=231.2)
t=24s | WP1 | Pos=(888,10,11) | V=70.6 m/s | γ=8.0° | ψ=-0° | dist=243m
t=26s | WP1 | Pos=(1043,23,31) | V=72.9 m/s | γ=8.0° | ψ=-4° | dist=96m
Reached waypoint 1/3: pos=(1131, 0, 0)
t=28s | WP2 | Pos=(1202,25,52) | V=75.3 m/s | γ=8.1° | ψ=-6° | dist=1141m
t=30s | WP2 | Pos=(1365,31,73) | V=77.6 m/s | γ=8.1° | ψ=-4° | dist=976m
t=32s | WP2 | Pos=(1534,39,96) | V=80.0 m/s | γ=8.3° | ψ=-3° | dist=807m
t=34s | WP2 | Pos=(1707,49,119) | V=82.3 m/s | γ=8.4° | ψ=-3° | dist=633m
t=36s | WP2 | Pos=(1885,56,144) | V=84.6 m/s | γ=8.6° | ψ=-4° | dist=455m
t=38s | WP2 | Pos=(2066,57,170) | V=86.3 m/s | γ=8.8° | ψ=-7° | dist=275m
t=40s | WP2 | Pos=(2249,48,197) | V=87.8 m/s | γ=9.0° | ψ=-12° | dist=97m
Reached waypoint 2/3: pos=(2331, 0, 212)
t=42s | WP3 | Pos=(2432,28,226) | V=89.1 m/s | γ=10.1° | ψ=-10° | dist=2833m
t=44s | WP3 | Pos=(2620,27,257) | V=90.3 m/s | γ=10.1° | ψ=-3° | dist=2650m
t=46s | WP3 | Pos=(2811,48,289) | V=91.4 m/s | γ=10.1° | ψ=5° | dist=2458m
STATUS | ATR72_600-161 taxiing to runway from Gate 7 (ETA 10.0s, arrival t=226.9s)
[t=216.9s] Service complete. Taxiing to runway (ETA 10.0s, spawn at threshold t=226.9)
[t=217.0s] Taxiing… 9.9s remaining
t=48s | WP3 | Pos=(3002,89,322) | V=92.5 m/s | γ=10.2° | ψ=10° | dist=2260m
t=50s | WP3 | Pos=(3194,144,355) | V=93.6 m/s | γ=10.3° | ψ=13° | dist=2058m
t=52s | WP3 | Pos=(3385,206,389) | V=94.6 m/s | γ=10.4° | ψ=15° | dist=1854m
t=54s | WP3 | Pos=(3578,273,423) | V=95.6 m/s | γ=10.4° | ψ=16° | dist=1648m
t=56s | WP3 | Pos=(3771,342,458) | V=96.6 m/s | γ=10.6° | ψ=16° | dist=1439m
STATUS | ATR72_600-161 holding short of runway
[t=227.0s] Arrived at runway threshold, awaiting takeoff clearance

============================================================
Starting ground roll for ATR72_600 (ATR72_600-161)
Target rotation speed: 70.0 m/s
============================================================
Takeoff complete: V=70.1 m/s, distance=813.9 m, time=22.9 s
ATC | ATR72_600-161 cleared for takeoff
ATC | Runway BUSY , ATR72_600-161 departing
[t=227.1s] Cleared for takeoff. Blocking runway for 29.9s (release t=257.0)
ATC | Runway FREE , Dash8_400-438 airborne
STATUS | Dash8_400-438 taking off
[t=227.2s] Runway freed — aircraft is airborne at 479.3m
t=58s | WP3 | Pos=(3966,412,494) | V=97.6 m/s | γ=10.7° | ψ=16° | dist=1229m
t=60s | WP3 | Pos=(4163,483,530) | V=98.5 m/s | γ=10.8° | ψ=16° | dist=1017m
GATE | EmbraerE170-247 parked at Gate 11
[t=231.2s] Parked at Gate 11. Service time 25s (until t=256.2)
t=62s | WP3 | Pos=(4362,553,568) | V=99.3 m/s | γ=11.0° | ψ=16° | dist=804m
t=64s | WP3 | Pos=(4563,621,606) | V=100.1 m/s | γ=11.3° | ψ=15° | dist=589m
t=66s | WP3 | Pos=(4766,686,646) | V=100.8 m/s | γ=11.6° | ψ=14° | dist=374m
t=68s | WP3 | Pos=(4971,745,688) | V=101.3 m/s | γ=12.2° | ψ=11° | dist=159m
Reached waypoint 3/3: pos=(5126, 749, 722)

Rotation! V=69.3 m/s at x=805m, transitioning to CLIMB
 Targeting waypoint 1 for smoothest climb (turn angle: 0.0°)
t=24s | WP1 | Pos=(888,9,11) | V=70.6 m/s | γ=8.0° | ψ=-0° | dist=244m
t=26s | WP1 | Pos=(1042,22,31) | V=72.9 m/s | γ=8.0° | ψ=-4° | dist=97m
Reached airspace boundary at 5511m
STATUS | Dash8_400-438 departed airspace
[t=242.6s] Departure complete; aircraft left the airspace
Reached waypoint 1/3: pos=(1131, 0, 0)
t=28s | WP2 | Pos=(1200,23,51) | V=75.3 m/s | γ=8.0° | ψ=-5° | dist=1143m
t=30s | WP2 | Pos=(1363,29,73) | V=77.6 m/s | γ=8.1° | ψ=-4° | dist=979m
t=32s | WP2 | Pos=(1530,37,95) | V=80.0 m/s | γ=8.2° | ψ=-3° | dist=810m
t=34s | WP2 | Pos=(1703,46,119) | V=82.3 m/s | γ=8.4° | ψ=-3° | dist=637m
t=36s | WP2 | Pos=(1880,52,143) | V=84.6 m/s | γ=8.5° | ψ=-4° | dist=459m
t=38s | WP2 | Pos=(2060,54,169) | V=86.3 m/s | γ=8.7° | ψ=-6° | dist=279m
t=40s | WP2 | Pos=(2242,46,196) | V=87.9 m/s | γ=8.9° | ψ=-11° | dist=101m
STATUS | EmbraerE170-247 taxiing to runway from Gate 11 (ETA 10.0s, arrival t=266.3s)
[t=256.3s] Service complete. Taxiing to runway (ETA 10.0s, spawn at threshold t=266.3)
[t=256.4s] Taxiing… 9.9s remaining
Reached waypoint 2/3: pos=(2331, 0, 212)
t=42s | WP3 | Pos=(2426,27,225) | V=89.2 m/s | γ=10.1° | ψ=-9° | dist=2842m
t=44s | WP3 | Pos=(2613,28,256) | V=90.3 m/s | γ=10.0° | ψ=-2° | dist=2679m
t=46s | WP3 | Pos=(2804,52,288) | V=91.5 m/s | γ=10.0° | ψ=5° | dist=2504m
t=48s | WP3 | Pos=(2995,97,320) | V=92.6 m/s | γ=10.0° | ψ=12° | dist=2319m
t=50s | WP3 | Pos=(3183,165,352) | V=93.8 m/s | γ=10.0° | ψ=19° | dist=2125m
STATUS | EmbraerE170-247 holding short of runway
[t=266.3s] Arrived at runway threshold, awaiting takeoff clearance

============================================================
Starting ground roll for EmbraerE170 (EmbraerE170-247)
Target rotation speed: 70.0 m/s
============================================================
Takeoff complete: V=70.1 m/s, distance=744.6 m, time=21.0 s
ATC | EmbraerE170-247 cleared for takeoff
ATC | Runway BUSY , EmbraerE170-247 departing
[t=266.4s] Cleared for takeoff. Blocking runway for 28.0s (release t=294.4)
ATC | Runway FREE , Dash8_400-197 airborne
STATUS | Dash8_400-197 taking off
[t=266.5s] Runway freed — aircraft is airborne at 357.3m
t=52s | WP3 | Pos=(3366,254,385) | V=95.0 m/s | γ=10.1° | ψ=26° | dist=1924m
t=54s | WP3 | Pos=(3541,365,419) | V=96.1 m/s | γ=10.2° | ψ=32° | dist=1716m
t=56s | WP3 | Pos=(3710,489,453) | V=97.2 m/s | γ=10.3° | ψ=35° | dist=1503m

Rotation! V=69.4 m/s at x=796m, transitioning to CLIMB
 Targeting waypoint 1 for smoothest climb (turn angle: 0.0°)
t=24s | WP1 | Pos=(902,13,14) | V=71.1 m/s | γ=8.0° | ψ=-1° | dist=230m
t=58s | WP3 | Pos=(3876,622,488) | V=98.2 m/s | γ=10.4° | ψ=37° | dist=1288m
t=26s | WP1 | Pos=(1056,26,34) | V=73.7 m/s | γ=8.0° | ψ=-5° | dist=86m
t=60s | WP3 | Pos=(4040,760,524) | V=99.2 m/s | γ=10.6° | ψ=39° | dist=1071m
⚠ Overshot waypoint 1, advancing to next segment
t=28s | WP2 | Pos=(1214,25,55) | V=76.2 m/s | γ=8.0° | ψ=-7° | dist=1128m
t=62s | WP3 | Pos=(4202,903,561) | V=100.1 m/s | γ=10.8° | ψ=39° | dist=852m
t=30s | WP2 | Pos=(1378,29,76) | V=78.7 m/s | γ=8.1° | ψ=-4° | dist=963m
t=64s | WP3 | Pos=(4365,1048,600) | V=100.9 m/s | γ=11.1° | ψ=40° | dist=630m
t=32s | WP2 | Pos=(1547,38,99) | V=81.3 m/s | γ=8.2° | ψ=-3° | dist=793m
t=66s | WP3 | Pos=(4528,1194,640) | V=101.6 m/s | γ=11.6° | ψ=40° | dist=408m
t=34s | WP2 | Pos=(1721,48,123) | V=83.8 m/s | γ=8.3° | ψ=-3° | dist=619m
t=68s | WP3 | Pos=(4693,1341,682) | V=102.1 m/s | γ=12.4° | ψ=39° | dist=184m
Reached waypoint 3/3: pos=(4837, 1447, 722)
t=36s | WP2 | Pos=(1899,55,147) | V=85.9 m/s | γ=8.4° | ψ=-5° | dist=440m
t=38s | WP2 | Pos=(2081,58,173) | V=87.7 m/s | γ=8.5° | ψ=-7° | dist=260m
t=40s | WP2 | Pos=(2264,48,199) | V=89.4 m/s | γ=8.5° | ψ=-13° | dist=83m
STATUS | Dash8_400-600 spawned on STAR15
STATUS | New arrival: Dash8_400-600 on STAR15
Reached waypoint 2/3: pos=(2331, 0, 212)
Reached airspace boundary at 5508m
STATUS | Dash8_400-197 departed airspace
[t=290.4s] Departure complete; aircraft left the airspace
t=42s | WP3 | Pos=(2445,17,229) | V=90.8 m/s | γ=10.0° | ψ=-20° | dist=2848m
t=44s | WP3 | Pos=(2622,-34,261) | V=92.1 m/s | γ=10.0° | ψ=-25° | dist=2668m
t=46s | WP3 | Pos=(2795,-98,293) | V=93.3 m/s | γ=9.9° | ψ=-28° | dist=2485m
t=48s | WP3 | Pos=(2966,-170,325) | V=94.6 m/s | γ=9.9° | ψ=-31° | dist=2300m
t=50s | WP3 | Pos=(3137,-249,358) | V=95.8 m/s | γ=9.9° | ψ=-32° | dist=2112m
t=52s | WP3 | Pos=(3306,-334,391) | V=97.0 m/s | γ=9.9° | ψ=-34° | dist=1922m
t=54s | WP3 | Pos=(3477,-423,425) | V=98.3 m/s | γ=9.9° | ψ=-35° | dist=1729m
t=56s | WP3 | Pos=(3647,-517,459) | V=99.5 m/s | γ=9.9° | ψ=-36° | dist=1533m
t=58s | WP3 | Pos=(3818,-616,493) | V=100.8 m/s | γ=9.9° | ψ=-37° | dist=1335m

Rotation! V=69.3 m/s at x=727m, transitioning to CLIMB
 Targeting waypoint 1 for smoothest climb (turn angle: 0.0°)
t=22s | WP1 | Pos=(826,12,13) | V=71.2 m/s | γ=8.0° | ψ=-0° | dist=306m
t=60s | WP3 | Pos=(3989,-719,528) | V=102.0 m/s | γ=9.9° | ψ=-38° | dist=1135m
STATUS | AirbusA220-462 spawned on STAR08
STATUS | New arrival: AirbusA220-462 on STAR08
t=24s | WP1 | Pos=(982,26,33) | V=74.0 m/s | γ=8.0° | ψ=-3° | dist=155m
t=62s | WP3 | Pos=(4159,-828,563) | V=103.3 m/s | γ=9.8° | ψ=-39° | dist=932m
⚠ Overshot waypoint 1, advancing to next segment
t=26s | WP2 | Pos=(1143,27,54) | V=76.8 m/s | γ=7.7° | ψ=-10° | dist=1199m
t=64s | WP3 | Pos=(4328,-942,598) | V=104.5 m/s | γ=9.8° | ψ=-41° | dist=728m
t=28s | WP2 | Pos=(1310,25,75) | V=79.8 m/s | γ=7.6° | ψ=-6° | dist=1031m
t=66s | WP3 | Pos=(4494,-1063,634) | V=105.4 m/s | γ=9.7° | ψ=-43° | dist=523m
t=30s | WP2 | Pos=(1483,29,96) | V=82.8 m/s | γ=7.7° | ψ=-4° | dist=856m
t=68s | WP3 | Pos=(4656,-1191,669) | V=106.0 m/s | γ=9.6° | ψ=-46° | dist=318m
t=32s | WP2 | Pos=(1663,37,119) | V=85.6 m/s | γ=7.9° | ψ=-3° | dist=676m
t=70s | WP3 | Pos=(4806,-1331,704) | V=106.7 m/s | γ=8.9° | ψ=-52° | dist=121m
⚠ Overshot waypoint 3, advancing to next segment
t=34s | WP2 | Pos=(1847,44,143) | V=87.9 m/s | γ=8.0° | ψ=-4° | dist=491m
t=36s | WP2 | Pos=(2036,49,168) | V=90.1 m/s | γ=8.2° | ψ=-5° | dist=302m
t=38s | WP2 | Pos=(2228,45,195) | V=92.2 m/s | γ=8.5° | ψ=-9° | dist=114m
ATC | Dash8_400-600 cleared to land
ATC | Runway BUSY , Dash8_400-600 landing
[t=325.3s] ATC: Cleared to land
ATC | Runway FREE , ATR72_600-161 airborne
STATUS | ATR72_600-161 taking off
[t=325.4s] Runway freed — aircraft is airborne at 724.0m
Reached airspace boundary at 5504m
STATUS | ATR72_600-161 departed airspace
[t=325.6s] Departure complete; aircraft left the airspace
Reached waypoint 2/3: pos=(2331, 0, 212)
t=40s | WP3 | Pos=(2422,30,225) | V=94.1 m/s | γ=10.1° | ψ=-8° | dist=2842m
t=42s | WP3 | Pos=(2621,34,258) | V=95.7 m/s | γ=10.1° | ψ=-1° | dist=2647m
t=44s | WP3 | Pos=(2824,60,292) | V=97.2 m/s | γ=10.1° | ψ=6° | dist=2442m
t=46s | WP3 | Pos=(3028,105,327) | V=98.8 m/s | γ=10.2° | ψ=10° | dist=2231m
t=48s | WP3 | Pos=(3233,163,362) | V=100.3 m/s | γ=10.3° | ψ=13° | dist=2015m
STATUS | AirbusA220-683 spawned on STAR03
STATUS | New arrival: AirbusA220-683 on STAR03
t=50s | WP3 | Pos=(3439,229,398) | V=101.8 m/s | γ=10.4° | ψ=15° | dist=1795m
t=52s | WP3 | Pos=(3647,299,436) | V=103.3 m/s | γ=10.5° | ψ=16° | dist=1573m
t=54s | WP3 | Pos=(3857,372,474) | V=104.7 m/s | γ=10.6° | ψ=16° | dist=1348m
ATC | AirbusA220-462 cleared to land
ATC | Runway BUSY , AirbusA220-462 landing
[t=341.8s] ATC: Cleared to land
ATC | Runway FREE , EmbraerE170-247 airborne
STATUS | EmbraerE170-247 taking off
[t=341.9s] Runway freed — aircraft is airborne at 489.1m
[t=342.5s] Trajectory saved to trajectory_Dash8_400-600.json
STATUS | Dash8_400-600 vacating runway (clears in 4.0s)
[t=342.5s] Landing rollout complete; vacating runway (4.0s)
t=56s | WP3 | Pos=(4069,447,513) | V=105.6 m/s | γ=10.8° | ψ=16° | dist=1120m
t=58s | WP3 | Pos=(4282,521,552) | V=106.2 m/s | γ=10.9° | ψ=16° | dist=891m
ATC | Runway FREE , timer elapsed
[t=346.5s] Runway now FREE (timer elapsed)
STATUS | Dash8_400-600 taxiing to Gate 9 (ETA 25.6s, arrival t=372.2s)
[t=346.6s] Gate 9 assigned. Taxi to gate 25.6s (ETA t=372.2)
t=60s | WP3 | Pos=(4496,594,593) | V=106.7 m/s | γ=11.2° | ψ=15° | dist=662m
t=62s | WP3 | Pos=(4712,666,635) | V=107.2 m/s | γ=11.5° | ψ=14° | dist=431m
t=64s | WP3 | Pos=(4930,732,679) | V=107.5 m/s | γ=12.1° | ψ=12° | dist=202m
Reached waypoint 3/3: pos=(5126, 749, 722)
Reached airspace boundary at 5509m
STATUS | EmbraerE170-247 departed airspace
[t=355.8s] Departure complete; aircraft left the airspace
[t=364.9s] Trajectory saved to trajectory_AirbusA220-462.json
STATUS | AirbusA220-462 vacating runway (clears in 3.7s)
[t=364.9s] Landing rollout complete; vacating runway (3.7s)
ATC | Runway FREE , timer elapsed
[t=368.7s] Runway now FREE (timer elapsed)
STATUS | AirbusA220-462 taxiing to Gate 13 (ETA 20.9s, arrival t=389.7s)
[t=368.8s] Gate 13 assigned. Taxi to gate 20.9s (ETA t=389.7)
GATE | Dash8_400-600 parked at Gate 9
[t=372.2s] Parked at Gate 9. Service time 24s (until t=396.2)
ATC | AirbusA220-683 cleared to land
ATC | Runway BUSY , AirbusA220-683 landing
[t=387.7s] ATC: Cleared to land
GATE | AirbusA220-462 parked at Gate 13
[t=389.7s] Parked at Gate 13. Service time 28s (until t=417.7)
STATUS | Dash8_400-600 taxiing to runway from Gate 9 (ETA 10.0s, arrival t=406.2s)
[t=396.2s] Service complete. Taxiing to runway (ETA 10.0s, spawn at threshold t=406.2)
[t=396.3s] Taxiing… 9.9s remaining
STATUS | Dash8_400-600 holding short of runway
[t=406.2s] Arrived at runway threshold, awaiting takeoff clearance
STATUS | Dash8_400-600 holding - runway busy
[t=406.3s] Runway occupied , holding short
[t=410.8s] Trajectory saved to trajectory_AirbusA220-683.json
STATUS | AirbusA220-683 vacating runway (clears in 3.7s)
[t=410.8s] Landing rollout complete; vacating runway (3.7s)
ATC | Runway FREE , timer elapsed
[t=414.5s] Runway now FREE (timer elapsed)

============================================================
Starting ground roll for Dash8_400 (Dash8_400-600)
Target rotation speed: 70.0 m/s
============================================================
Takeoff complete: V=70.0 m/s, distance=822.1 m, time=23.2 s
ATC | Dash8_400-600 cleared for takeoff
ATC | Runway BUSY , Dash8_400-600 departing
[t=414.5s] Cleared for takeoff. Blocking runway for 30.2s (release t=444.7)
STATUS | AirbusA220-683 taxiing to Gate 14 (ETA 27.5s, arrival t=442.1s)
[t=414.6s] Gate 14 assigned. Taxi to gate 27.5s (ETA t=442.1)
STATUS | AirbusA220-462 taxiing to runway from Gate 13 (ETA 10.0s, arrival t=427.7s)
[t=417.7s] Service complete. Taxiing to runway (ETA 10.0s, spawn at threshold t=427.7)
[t=417.8s] Taxiing… 9.9s remaining
STATUS | AirbusA220-462 holding short of runway
[t=427.7s] Arrived at runway threshold, awaiting takeoff clearance

============================================================
Starting ground roll for AirbusA220 (AirbusA220-462)
Target rotation speed: 70.0 m/s
============================================================
Takeoff complete: V=70.1 m/s, distance=793.1 m, time=22.4 s
ATC | AirbusA220-462 cleared for takeoff
ATC | Runway BUSY , AirbusA220-462 departing
[t=427.8s] Cleared for takeoff. Blocking runway for 29.4s (release t=457.2)
GATE | AirbusA220-683 parked at Gate 14
[t=442.2s] Parked at Gate 14. Service time 25s (until t=467.2)
ATC | Runway FREE , timer elapsed
[t=457.2s] Runway now FREE (timer elapsed)

Rotation! V=69.3 m/s at x=805m, transitioning to CLIMB
 Targeting waypoint 1 for smoothest climb (turn angle: 0.0°)
t=24s | WP1 | Pos=(887,9,11) | V=70.6 m/s | γ=8.0° | ψ=-0° | dist=244m
t=26s | WP1 | Pos=(1041,22,31) | V=72.9 m/s | γ=8.0° | ψ=-4° | dist=97m
Reached waypoint 1/3: pos=(1131, 0, 0)
t=28s | WP2 | Pos=(1199,23,51) | V=75.3 m/s | γ=8.0° | ψ=-5° | dist=1144m
STATUS | AirbusA220-683 taxiing to runway from Gate 14 (ETA 10.0s, arrival t=477.2s)
[t=467.2s] Service complete. Taxiing to runway (ETA 10.0s, spawn at threshold t=477.2)
[t=467.3s] Taxiing… 9.9s remaining
t=30s | WP2 | Pos=(1361,28,73) | V=77.6 m/s | γ=8.1° | ψ=-3° | dist=980m
t=32s | WP2 | Pos=(1529,37,95) | V=80.0 m/s | γ=8.2° | ψ=-3° | dist=811m
t=34s | WP2 | Pos=(1701,45,119) | V=82.3 m/s | γ=8.3° | ψ=-3° | dist=638m

Rotation! V=69.3 m/s at x=776m, transitioning to CLIMB
 Targeting waypoint 1 for smoothest climb (turn angle: 0.0°)
t=36s | WP2 | Pos=(1877,51,143) | V=84.6 m/s | γ=8.5° | ψ=-4° | dist=462m
t=24s | WP1 | Pos=(919,15,19) | V=71.7 m/s | γ=8.0° | ψ=-1° | dist=213m
t=38s | WP2 | Pos=(2058,54,169) | V=86.4 m/s | γ=8.7° | ψ=-6° | dist=282m
t=26s | WP1 | Pos=(1076,25,39) | V=74.2 m/s | γ=8.0° | ψ=-6° | dist=72m
⚠ Overshot waypoint 1, advancing to next segment
STATUS | AirbusA220-683 holding short of runway
[t=477.2s] Arrived at runway threshold, awaiting takeoff clearance

============================================================
Starting ground roll for AirbusA220 (AirbusA220-683)
Target rotation speed: 70.0 m/s
============================================================
Takeoff complete: V=70.1 m/s, distance=793.1 m, time=22.4 s
ATC | AirbusA220-683 cleared for takeoff
ATC | Runway BUSY , AirbusA220-683 departing
[t=477.3s] Cleared for takeoff. Blocking runway for 29.4s (release t=506.7)
t=40s | WP2 | Pos=(2240,45,196) | V=87.9 m/s | γ=8.9° | ψ=-11° | dist=103m
ATC | Runway FREE , Dash8_400-600 airborne
STATUS | Dash8_400-600 taking off
[t=477.4s] Runway freed — aircraft is airborne at 195.7m
t=28s | WP2 | Pos=(1235,21,60) | V=76.5 m/s | γ=7.9° | ψ=-7° | dist=1107m
Reached waypoint 2/3: pos=(2331, 0, 212)
t=42s | WP3 | Pos=(2423,27,225) | V=89.2 m/s | γ=10.1° | ψ=-9° | dist=2842m
t=30s | WP2 | Pos=(1400,23,81) | V=78.9 m/s | γ=8.0° | ψ=-4° | dist=941m
t=44s | WP3 | Pos=(2610,28,257) | V=90.3 m/s | γ=10.1° | ψ=-2° | dist=2658m
t=32s | WP2 | Pos=(1570,31,104) | V=81.1 m/s | γ=8.1° | ψ=-3° | dist=770m
t=46s | WP3 | Pos=(2800,52,288) | V=91.5 m/s | γ=10.1° | ψ=6° | dist=2467m
t=34s | WP2 | Pos=(1744,39,127) | V=83.3 m/s | γ=8.2° | ψ=-3° | dist=595m
t=48s | WP3 | Pos=(2991,95,321) | V=92.6 m/s | γ=10.2° | ψ=10° | dist=2269m
t=36s | WP2 | Pos=(1922,45,151) | V=85.4 m/s | γ=8.3° | ψ=-4° | dist=416m
t=50s | WP3 | Pos=(3182,150,354) | V=93.7 m/s | γ=10.2° | ψ=13° | dist=2068m
t=38s | WP2 | Pos=(2104,47,177) | V=87.0 m/s | γ=8.6° | ψ=-6° | dist=235m
t=52s | WP3 | Pos=(3373,212,388) | V=94.7 m/s | γ=10.3° | ψ=15° | dist=1864m
t=40s | WP2 | Pos=(2287,38,203) | V=88.4 m/s | γ=8.6° | ψ=-12° | dist=59m
Reached waypoint 2/3: pos=(2331, 0, 212)
t=54s | WP3 | Pos=(3566,278,422) | V=95.8 m/s | γ=10.4° | ψ=16° | dist=1657m
t=42s | WP3 | Pos=(2471,24,233) | V=89.6 m/s | γ=10.1° | ψ=-8° | dist=2797m
t=56s | WP3 | Pos=(3760,347,457) | V=96.8 m/s | γ=10.5° | ψ=16° | dist=1449m
t=44s | WP3 | Pos=(2660,23,265) | V=90.6 m/s | γ=10.1° | ψ=-5° | dist=2606m
t=58s | WP3 | Pos=(3955,416,493) | V=97.7 m/s | γ=10.7° | ψ=16° | dist=1239m
t=46s | WP3 | Pos=(2850,29,297) | V=91.6 m/s | γ=10.1° | ψ=-3° | dist=2413m
t=60s | WP3 | Pos=(4152,486,529) | V=98.7 m/s | γ=10.8° | ψ=16° | dist=1027m
t=48s | WP3 | Pos=(3043,38,329) | V=92.7 m/s | γ=10.2° | ψ=-2° | dist=2217m
t=62s | WP3 | Pos=(4351,555,567) | V=99.5 m/s | γ=11.0° | ψ=15° | dist=814m
t=50s | WP3 | Pos=(3238,48,362) | V=93.7 m/s | γ=10.2° | ψ=-2° | dist=2020m
t=64s | WP3 | Pos=(4552,620,605) | V=100.3 m/s | γ=11.2° | ψ=15° | dist=600m
t=52s | WP3 | Pos=(3435,57,396) | V=94.7 m/s | γ=10.3° | ψ=-2° | dist=1820m
t=66s | WP3 | Pos=(4755,683,645) | V=101.0 m/s | γ=11.5° | ψ=13° | dist=385m
t=54s | WP3 | Pos=(3634,66,430) | V=95.7 m/s | γ=10.4° | ψ=-2° | dist=1619m
t=68s | WP3 | Pos=(4961,739,686) | V=101.6 m/s | γ=12.1° | ψ=11° | dist=170m
t=56s | WP3 | Pos=(3835,74,465) | V=96.7 m/s | γ=10.4° | ψ=-2° | dist=1416m
Reached waypoint 3/3: pos=(5126, 749, 722)
t=58s | WP3 | Pos=(4037,80,500) | V=97.7 m/s | γ=10.5° | ψ=-3° | dist=1211m
t=60s | WP3 | Pos=(4242,84,536) | V=98.6 m/s | γ=10.6° | ψ=-3° | dist=1004m
Reached airspace boundary at 5510m
STATUS | Dash8_400-600 departed airspace
[t=510.1s] Departure complete; aircraft left the airspace
t=62s | WP3 | Pos=(4447,84,573) | V=99.5 m/s | γ=10.7° | ψ=-4° | dist=796m
t=64s | WP3 | Pos=(4655,81,611) | V=100.4 m/s | γ=10.9° | ψ=-5° | dist=587m
t=66s | WP3 | Pos=(4863,73,649) | V=101.2 m/s | γ=11.1° | ψ=-7° | dist=377m
t=68s | WP3 | Pos=(5071,58,689) | V=102.0 m/s | γ=11.3° | ψ=-10° | dist=167m
Reached waypoint 3/3: pos=(5225, 0, 722)

Rotation! V=69.3 m/s at x=776m, transitioning to CLIMB
 Targeting waypoint 1 for smoothest climb (turn angle: 0.0°)
Reached airspace boundary at 5510m
STATUS | AirbusA220-462 departed airspace
[t=522.2s] Departure complete; aircraft left the airspace
t=24s | WP1 | Pos=(919,12,19) | V=71.7 m/s | γ=8.0° | ψ=-1° | dist=213m
t=26s | WP1 | Pos=(1075,20,39) | V=74.2 m/s | γ=8.0° | ψ=-5° | dist=71m
Reached waypoint 1/3: pos=(1131, 0, 0)
t=28s | WP2 | Pos=(1235,17,60) | V=76.5 m/s | γ=7.9° | ψ=-5° | dist=1106m
t=30s | WP2 | Pos=(1401,20,81) | V=78.8 m/s | γ=8.0° | ψ=-3° | dist=940m
t=32s | WP2 | Pos=(1571,26,103) | V=81.1 m/s | γ=8.1° | ψ=-2° | dist=768m
t=34s | WP2 | Pos=(1745,33,127) | V=83.3 m/s | γ=8.2° | ψ=-2° | dist=593m
t=36s | WP2 | Pos=(1923,38,151) | V=85.4 m/s | γ=8.4° | ψ=-3° | dist=414m
t=38s | WP2 | Pos=(2105,39,177) | V=86.9 m/s | γ=8.6° | ψ=-5° | dist=232m
t=40s | WP2 | Pos=(2289,31,204) | V=88.4 m/s | γ=8.9° | ψ=-10° | dist=53m
Reached waypoint 2/3: pos=(2331, 0, 212)
t=42s | WP3 | Pos=(2470,1,234) | V=89.5 m/s | γ=10.0° | ψ=-18° | dist=2818m
t=44s | WP3 | Pos=(2647,-49,265) | V=90.5 m/s | γ=10.0° | ψ=-24° | dist=2638m
t=46s | WP3 | Pos=(2820,-114,297) | V=91.6 m/s | γ=10.0° | ψ=-28° | dist=2455m
t=48s | WP3 | Pos=(2990,-190,329) | V=92.7 m/s | γ=10.0° | ψ=-30° | dist=2269m
t=50s | WP3 | Pos=(3158,-272,361) | V=93.8 m/s | γ=10.0° | ψ=-32° | dist=2081m
t=52s | WP3 | Pos=(3326,-360,394) | V=95.0 m/s | γ=10.0° | ψ=-33° | dist=1890m
t=54s | WP3 | Pos=(3493,-454,427) | V=96.1 m/s | γ=10.0° | ψ=-35° | dist=1697m
t=56s | WP3 | Pos=(3660,-552,461) | V=97.2 m/s | γ=10.0° | ψ=-35° | dist=1502m
t=58s | WP3 | Pos=(3827,-655,495) | V=98.3 m/s | γ=10.0° | ψ=-36° | dist=1304m
t=60s | WP3 | Pos=(3993,-761,529) | V=99.5 m/s | γ=10.0° | ψ=-37° | dist=1104m
t=62s | WP3 | Pos=(4160,-872,564) | V=100.6 m/s | γ=10.1° | ψ=-38° | dist=903m
t=64s | WP3 | Pos=(4325,-987,599) | V=101.7 m/s | γ=10.1° | ψ=-39° | dist=699m
t=66s | WP3 | Pos=(4490,-1108,635) | V=102.8 m/s | γ=10.1° | ψ=-41° | dist=493m
t=68s | WP3 | Pos=(4652,-1234,672) | V=104.0 m/s | γ=10.1° | ψ=-43° | dist=287m
t=70s | WP3 | Pos=(4807,-1371,708) | V=105.1 m/s | γ=9.8° | ψ=-48° | dist=83m
Reached waypoint 3/3: pos=(4837, -1447, 722)
Reached airspace boundary at 5502m
STATUS | AirbusA220-683 departed airspace
[t=574.9s] Departure complete; aircraft left the airspace
STATUS | EmbraerE170-764 spawned on STAR19
STATUS | New arrival: EmbraerE170-764 on STAR19

Headless run finished.
Active aircraft remaining: 1
Total sim time: 600.0s
